[2025-07-31 16:24:24] production.ERROR: json_decode(): Argument #1 ($json) must be of type string, array given {"userId":8,"exception":"[object] (TypeError(code: 0): json_decode(): Argument #1 ($json) must be of type string, array given at C:\\angular\\Vip_travel\\Vip_Travel_Project\\app\\Http\\Controllers\\HotelController.php:670)
[stacktrace]
#0 C:\\angular\\Vip_travel\\Vip_Travel_Project\\app\\Http\\Controllers\\HotelController.php(670): json_decode(Array, true)
#1 C:\\angular\\Vip_travel\\Vip_Travel_Project\\vendor\\laravel\\framework\\src\\Illuminate\\Routing\\Controller.php(54): App\\Http\\Controllers\\HotelController->showConfirmForm('131')
#2 C:\\angular\\Vip_travel\\Vip_Travel_Project\\vendor\\laravel\\framework\\src\\Illuminate\\Routing\\ControllerDispatcher.php(43): Illuminate\\Routing\\Controller->callAction('showConfirmForm', Array)
#3 C:\\angular\\Vip_travel\\Vip_Travel_Project\\vendor\\laravel\\framework\\src\\Illuminate\\Routing\\Route.php(259): Illuminate\\Routing\\ControllerDispatcher->dispatch(Object(Illuminate\\Routing\\Route), Object(App\\Http\\Controllers\\HotelController), 'showConfirmForm')
#4 C:\\angular\\Vip_travel\\Vip_Travel_Project\\vendor\\laravel\\framework\\src\\Illuminate\\Routing\\Route.php(205): Illuminate\\Routing\\Route->runController()
#5 C:\\angular\\Vip_travel\\Vip_Travel_Project\\vendor\\laravel\\framework\\src\\Illuminate\\Routing\\Router.php(806): Illuminate\\Routing\\Route->run()
#6 C:\\angular\\Vip_travel\\Vip_Travel_Project\\vendor\\laravel\\framework\\src\\Illuminate\\Pipeline\\Pipeline.php(144): Illuminate\\Routing\\Router->Illuminate\\Routing\\{closure}(Object(Illuminate\\Http\\Request))
#7 C:\\angular\\Vip_travel\\Vip_Travel_Project\\app\\Http\\Middleware\\RequireChangePassword.php(41): Illuminate\\Pipeline\\Pipeline->Illuminate\\Pipeline\\{closure}(Object(Illuminate\\Http\\Request))
#8 C:\\angular\\Vip_travel\\Vip_Travel_Project\\vendor\\laravel\\framework\\src\\Illuminate\\Pipeline\\Pipeline.php(183): App\\Http\\Middleware\\RequireChangePassword->handle(Object(Illuminate\\Http\\Request), Object(Closure))
#9 C:\\angular\\Vip_travel\\Vip_Travel_Project\\app\\Http\\Middleware\\SetLanguageForAdmin.php(37): Illuminate\\Pipeline\\Pipeline->Illuminate\\Pipeline\\{closure}(Object(Illuminate\\Http\\Request))
#10 C:\\angular\\Vip_travel\\Vip_Travel_Project\\vendor\\laravel\\framework\\src\\Illuminate\\Pipeline\\Pipeline.php(183): App\\Http\\Middleware\\SetLanguageForAdmin->handle(Object(Illuminate\\Http\\Request), Object(Closure))
#11 C:\\angular\\Vip_travel\\Vip_Travel_Project\\app\\Http\\Middleware\\SetCurrentCurrency.php(48): Illuminate\\Pipeline\\Pipeline->Illuminate\\Pipeline\\{closure}(Object(Illuminate\\Http\\Request))
#12 C:\\angular\\Vip_travel\\Vip_Travel_Project\\vendor\\laravel\\framework\\src\\Illuminate\\Pipeline\\Pipeline.php(183): App\\Http\\Middleware\\SetCurrentCurrency->handle(Object(Illuminate\\Http\\Request), Object(Closure))
#13 C:\\angular\\Vip_travel\\Vip_Travel_Project\\app\\Http\\Middleware\\HideDebugbar.php(32): Illuminate\\Pipeline\\Pipeline->Illuminate\\Pipeline\\{closure}(Object(Illuminate\\Http\\Request))
#14 C:\\angular\\Vip_travel\\Vip_Travel_Project\\vendor\\laravel\\framework\\src\\Illuminate\\Pipeline\\Pipeline.php(183): App\\Http\\Middleware\\HideDebugbar->handle(Object(Illuminate\\Http\\Request), Object(Closure))
#15 C:\\angular\\Vip_travel\\Vip_Travel_Project\\app\\Http\\Middleware\\RedirectForMultiLanguage.php(58): Illuminate\\Pipeline\\Pipeline->Illuminate\\Pipeline\\{closure}(Object(Illuminate\\Http\\Request))
#16 C:\\angular\\Vip_travel\\Vip_Travel_Project\\vendor\\laravel\\framework\\src\\Illuminate\\Pipeline\\Pipeline.php(183): App\\Http\\Middleware\\RedirectForMultiLanguage->handle(Object(Illuminate\\Http\\Request), Object(Closure))
#17 C:\\angular\\Vip_travel\\Vip_Travel_Project\\vendor\\laravel\\framework\\src\\Illuminate\\Routing\\Middleware\\SubstituteBindings.php(50): Illuminate\\Pipeline\\Pipeline->Illuminate\\Pipeline\\{closure}(Object(Illuminate\\Http\\Request))
#18 C:\\angular\\Vip_travel\\Vip_Travel_Project\\vendor\\laravel\\framework\\src\\Illuminate\\Pipeline\\Pipeline.php(183): Illuminate\\Routing\\Middleware\\SubstituteBindings->handle(Object(Illuminate\\Http\\Request), Object(Closure))
#19 C:\\angular\\Vip_travel\\Vip_Travel_Project\\app\\Http\\Middleware\\Authenticate.php(44): Illuminate\\Pipeline\\Pipeline->Illuminate\\Pipeline\\{closure}(Object(Illuminate\\Http\\Request))
#20 C:\\angular\\Vip_travel\\Vip_Travel_Project\\vendor\\laravel\\framework\\src\\Illuminate\\Pipeline\\Pipeline.php(183): App\\Http\\Middleware\\Authenticate->handle(Object(Illuminate\\Http\\Request), Object(Closure))
#21 C:\\angular\\Vip_travel\\Vip_Travel_Project\\vendor\\laravel\\framework\\src\\Illuminate\\Foundation\\Http\\Middleware\\VerifyCsrfToken.php(78): Illuminate\\Pipeline\\Pipeline->Illuminate\\Pipeline\\{closure}(Object(Illuminate\\Http\\Request))
#22 C:\\angular\\Vip_travel\\Vip_Travel_Project\\vendor\\laravel\\framework\\src\\Illuminate\\Pipeline\\Pipeline.php(183): Illuminate\\Foundation\\Http\\Middleware\\VerifyCsrfToken->handle(Object(Illuminate\\Http\\Request), Object(Closure))
#23 C:\\angular\\Vip_travel\\Vip_Travel_Project\\vendor\\laravel\\framework\\src\\Illuminate\\View\\Middleware\\ShareErrorsFromSession.php(49): Illuminate\\Pipeline\\Pipeline->Illuminate\\Pipeline\\{closure}(Object(Illuminate\\Http\\Request))
#24 C:\\angular\\Vip_travel\\Vip_Travel_Project\\vendor\\laravel\\framework\\src\\Illuminate\\Pipeline\\Pipeline.php(183): Illuminate\\View\\Middleware\\ShareErrorsFromSession->handle(Object(Illuminate\\Http\\Request), Object(Closure))
#25 C:\\angular\\Vip_travel\\Vip_Travel_Project\\vendor\\laravel\\framework\\src\\Illuminate\\Session\\Middleware\\StartSession.php(121): Illuminate\\Pipeline\\Pipeline->Illuminate\\Pipeline\\{closure}(Object(Illuminate\\Http\\Request))
#26 C:\\angular\\Vip_travel\\Vip_Travel_Project\\vendor\\laravel\\framework\\src\\Illuminate\\Session\\Middleware\\StartSession.php(64): Illuminate\\Session\\Middleware\\StartSession->handleStatefulRequest(Object(Illuminate\\Http\\Request), Object(Illuminate\\Session\\Store), Object(Closure))
#27 C:\\angular\\Vip_travel\\Vip_Travel_Project\\vendor\\laravel\\framework\\src\\Illuminate\\Pipeline\\Pipeline.php(183): Illuminate\\Session\\Middleware\\StartSession->handle(Object(Illuminate\\Http\\Request), Object(Closure))
#28 C:\\angular\\Vip_travel\\Vip_Travel_Project\\vendor\\laravel\\framework\\src\\Illuminate\\Cookie\\Middleware\\AddQueuedCookiesToResponse.php(37): Illuminate\\Pipeline\\Pipeline->Illuminate\\Pipeline\\{closure}(Object(Illuminate\\Http\\Request))
#29 C:\\angular\\Vip_travel\\Vip_Travel_Project\\vendor\\laravel\\framework\\src\\Illuminate\\Pipeline\\Pipeline.php(183): Illuminate\\Cookie\\Middleware\\AddQueuedCookiesToResponse->handle(Object(Illuminate\\Http\\Request), Object(Closure))
#30 C:\\angular\\Vip_travel\\Vip_Travel_Project\\vendor\\laravel\\framework\\src\\Illuminate\\Cookie\\Middleware\\EncryptCookies.php(67): Illuminate\\Pipeline\\Pipeline->Illuminate\\Pipeline\\{closure}(Object(Illuminate\\Http\\Request))
#31 C:\\angular\\Vip_travel\\Vip_Travel_Project\\vendor\\laravel\\framework\\src\\Illuminate\\Pipeline\\Pipeline.php(183): Illuminate\\Cookie\\Middleware\\EncryptCookies->handle(Object(Illuminate\\Http\\Request), Object(Closure))
#32 C:\\angular\\Vip_travel\\Vip_Travel_Project\\vendor\\laravel\\framework\\src\\Illuminate\\Pipeline\\Pipeline.php(119): Illuminate\\Pipeline\\Pipeline->Illuminate\\Pipeline\\{closure}(Object(Illuminate\\Http\\Request))
#33 C:\\angular\\Vip_travel\\Vip_Travel_Project\\vendor\\laravel\\framework\\src\\Illuminate\\Routing\\Router.php(805): Illuminate\\Pipeline\\Pipeline->then(Object(Closure))
#34 C:\\angular\\Vip_travel\\Vip_Travel_Project\\vendor\\laravel\\framework\\src\\Illuminate\\Routing\\Router.php(784): Illuminate\\Routing\\Router->runRouteWithinStack(Object(Illuminate\\Routing\\Route), Object(Illuminate\\Http\\Request))
#35 C:\\angular\\Vip_travel\\Vip_Travel_Project\\vendor\\laravel\\framework\\src\\Illuminate\\Routing\\Router.php(748): Illuminate\\Routing\\Router->runRoute(Object(Illuminate\\Http\\Request), Object(Illuminate\\Routing\\Route))
#36 C:\\angular\\Vip_travel\\Vip_Travel_Project\\vendor\\laravel\\framework\\src\\Illuminate\\Routing\\Router.php(737): Illuminate\\Routing\\Router->dispatchToRoute(Object(Illuminate\\Http\\Request))
#37 C:\\angular\\Vip_travel\\Vip_Travel_Project\\vendor\\laravel\\framework\\src\\Illuminate\\Foundation\\Http\\Kernel.php(200): Illuminate\\Routing\\Router->dispatch(Object(Illuminate\\Http\\Request))
#38 C:\\angular\\Vip_travel\\Vip_Travel_Project\\vendor\\laravel\\framework\\src\\Illuminate\\Pipeline\\Pipeline.php(144): Illuminate\\Foundation\\Http\\Kernel->Illuminate\\Foundation\\Http\\{closure}(Object(Illuminate\\Http\\Request))
#39 C:\\angular\\Vip_travel\\Vip_Travel_Project\\themes\\Base\\Core\\Middleware\\RunUpdater.php(73): Illuminate\\Pipeline\\Pipeline->Illuminate\\Pipeline\\{closure}(Object(Illuminate\\Http\\Request))
#40 C:\\angular\\Vip_travel\\Vip_Travel_Project\\vendor\\laravel\\framework\\src\\Illuminate\\Pipeline\\Pipeline.php(183): Themes\\Base\\Core\\Middleware\\RunUpdater->handle(Object(Illuminate\\Http\\Request), Object(Closure))
#41 C:\\angular\\Vip_travel\\Vip_Travel_Project\\vendor\\barryvdh\\laravel-debugbar\\src\\Middleware\\InjectDebugbar.php(59): Illuminate\\Pipeline\\Pipeline->Illuminate\\Pipeline\\{closure}(Object(Illuminate\\Http\\Request))
#42 C:\\angular\\Vip_travel\\Vip_Travel_Project\\vendor\\laravel\\framework\\src\\Illuminate\\Pipeline\\Pipeline.php(183): Barryvdh\\Debugbar\\Middleware\\InjectDebugbar->handle(Object(Illuminate\\Http\\Request), Object(Closure))
#43 C:\\angular\\Vip_travel\\Vip_Travel_Project\\vendor\\laravel\\framework\\src\\Illuminate\\Foundation\\Http\\Middleware\\TransformsRequest.php(21): Illuminate\\Pipeline\\Pipeline->Illuminate\\Pipeline\\{closure}(Object(Illuminate\\Http\\Request))
#44 C:\\angular\\Vip_travel\\Vip_Travel_Project\\vendor\\laravel\\framework\\src\\Illuminate\\Foundation\\Http\\Middleware\\ConvertEmptyStringsToNull.php(31): Illuminate\\Foundation\\Http\\Middleware\\TransformsRequest->handle(Object(Illuminate\\Http\\Request), Object(Closure))
#45 C:\\angular\\Vip_travel\\Vip_Travel_Project\\vendor\\laravel\\framework\\src\\Illuminate\\Pipeline\\Pipeline.php(183): Illuminate\\Foundation\\Http\\Middleware\\ConvertEmptyStringsToNull->handle(Object(Illuminate\\Http\\Request), Object(Closure))
#46 C:\\angular\\Vip_travel\\Vip_Travel_Project\\vendor\\laravel\\framework\\src\\Illuminate\\Foundation\\Http\\Middleware\\TransformsRequest.php(21): Illuminate\\Pipeline\\Pipeline->Illuminate\\Pipeline\\{closure}(Object(Illuminate\\Http\\Request))
#47 C:\\angular\\Vip_travel\\Vip_Travel_Project\\vendor\\laravel\\framework\\src\\Illuminate\\Foundation\\Http\\Middleware\\TrimStrings.php(40): Illuminate\\Foundation\\Http\\Middleware\\TransformsRequest->handle(Object(Illuminate\\Http\\Request), Object(Closure))
#48 C:\\angular\\Vip_travel\\Vip_Travel_Project\\vendor\\laravel\\framework\\src\\Illuminate\\Pipeline\\Pipeline.php(183): Illuminate\\Foundation\\Http\\Middleware\\TrimStrings->handle(Object(Illuminate\\Http\\Request), Object(Closure))
#49 C:\\angular\\Vip_travel\\Vip_Travel_Project\\vendor\\laravel\\framework\\src\\Illuminate\\Foundation\\Http\\Middleware\\ValidatePostSize.php(27): Illuminate\\Pipeline\\Pipeline->Illuminate\\Pipeline\\{closure}(Object(Illuminate\\Http\\Request))
#50 C:\\angular\\Vip_travel\\Vip_Travel_Project\\vendor\\laravel\\framework\\src\\Illuminate\\Pipeline\\Pipeline.php(183): Illuminate\\Foundation\\Http\\Middleware\\ValidatePostSize->handle(Object(Illuminate\\Http\\Request), Object(Closure))
#51 C:\\angular\\Vip_travel\\Vip_Travel_Project\\vendor\\laravel\\framework\\src\\Illuminate\\Foundation\\Http\\Middleware\\PreventRequestsDuringMaintenance.php(99): Illuminate\\Pipeline\\Pipeline->Illuminate\\Pipeline\\{closure}(Object(Illuminate\\Http\\Request))
#52 C:\\angular\\Vip_travel\\Vip_Travel_Project\\vendor\\laravel\\framework\\src\\Illuminate\\Pipeline\\Pipeline.php(183): Illuminate\\Foundation\\Http\\Middleware\\PreventRequestsDuringMaintenance->handle(Object(Illuminate\\Http\\Request), Object(Closure))
#53 C:\\angular\\Vip_travel\\Vip_Travel_Project\\vendor\\laravel\\framework\\src\\Illuminate\\Http\\Middleware\\HandleCors.php(49): Illuminate\\Pipeline\\Pipeline->Illuminate\\Pipeline\\{closure}(Object(Illuminate\\Http\\Request))
#54 C:\\angular\\Vip_travel\\Vip_Travel_Project\\vendor\\laravel\\framework\\src\\Illuminate\\Pipeline\\Pipeline.php(183): Illuminate\\Http\\Middleware\\HandleCors->handle(Object(Illuminate\\Http\\Request), Object(Closure))
#55 C:\\angular\\Vip_travel\\Vip_Travel_Project\\app\\Http\\Middleware\\RedirectToInstaller.php(40): Illuminate\\Pipeline\\Pipeline->Illuminate\\Pipeline\\{closure}(Object(Illuminate\\Http\\Request))
#56 C:\\angular\\Vip_travel\\Vip_Travel_Project\\vendor\\laravel\\framework\\src\\Illuminate\\Pipeline\\Pipeline.php(183): App\\Http\\Middleware\\RedirectToInstaller->handle(Object(Illuminate\\Http\\Request), Object(Closure))
#57 C:\\angular\\Vip_travel\\Vip_Travel_Project\\vendor\\laravel\\framework\\src\\Illuminate\\Http\\Middleware\\TrustProxies.php(39): Illuminate\\Pipeline\\Pipeline->Illuminate\\Pipeline\\{closure}(Object(Illuminate\\Http\\Request))
#58 C:\\angular\\Vip_travel\\Vip_Travel_Project\\vendor\\laravel\\framework\\src\\Illuminate\\Pipeline\\Pipeline.php(183): Illuminate\\Http\\Middleware\\TrustProxies->handle(Object(Illuminate\\Http\\Request), Object(Closure))
#59 C:\\angular\\Vip_travel\\Vip_Travel_Project\\vendor\\laravel\\framework\\src\\Illuminate\\Pipeline\\Pipeline.php(119): Illuminate\\Pipeline\\Pipeline->Illuminate\\Pipeline\\{closure}(Object(Illuminate\\Http\\Request))
#60 C:\\angular\\Vip_travel\\Vip_Travel_Project\\vendor\\laravel\\framework\\src\\Illuminate\\Foundation\\Http\\Kernel.php(175): Illuminate\\Pipeline\\Pipeline->then(Object(Closure))
#61 C:\\angular\\Vip_travel\\Vip_Travel_Project\\vendor\\laravel\\framework\\src\\Illuminate\\Foundation\\Http\\Kernel.php(144): Illuminate\\Foundation\\Http\\Kernel->sendRequestThroughRouter(Object(Illuminate\\Http\\Request))
#62 C:\\angular\\Vip_travel\\Vip_Travel_Project\\public\\index.php(77): Illuminate\\Foundation\\Http\\Kernel->handle(Object(Illuminate\\Http\\Request))
#63 C:\\angular\\Vip_travel\\Vip_Travel_Project\\server.php(21): require_once('C:\\\\angular\\\\Vip_...')
#64 {main}
"} 
[2025-07-31 16:29:18] production.INFO: Creating offer {"type":"direct_single","user":8} 
[2025-07-31 16:29:19] production.INFO: dkhle ljob   
[2025-07-31 16:29:19] production.INFO: Traitement recherche ID: 214  
[2025-07-31 16:29:19] production.INFO: 📦 Appel Amadeus avec les paramètres suivants : {"currencyCode":"MAD","sources":["GDS"],"searchCriteria":{"flightFilters":{"maxConnections":0}},"originDestinations":[{"id":"1","originLocationCode":"CDG","destinationLocationCode":"CMN","departureDateTimeRange":{"date":"2025-09-06"}},{"id":"2","originLocationCode":"CMN","destinationLocationCode":"CDG","departureDateTimeRange":{"date":"2025-09-07"}}],"travelers":[{"id":"1","travelerType":"ADULT"}]} 
[2025-07-31 16:29:33] production.INFO: Starting search for tours {"start_date":"not provided","end_date":"not provided"} 
[2025-07-31 16:30:46] production.INFO: Creating offer {"type":"direct_single","user":8} 
[2025-07-31 16:30:49] production.INFO: dkhle ljob   
[2025-07-31 16:30:49] production.INFO: Traitement recherche ID: 215  
[2025-07-31 16:30:49] production.INFO: 📦 Appel Amadeus avec les paramètres suivants : {"currencyCode":"MAD","sources":["GDS"],"searchCriteria":{"flightFilters":{"maxConnections":0}},"originDestinations":[{"id":"1","originLocationCode":"CDG","destinationLocationCode":"CMN","departureDateTimeRange":{"date":"2025-08-06"}},{"id":"2","originLocationCode":"CMN","destinationLocationCode":"CDG","departureDateTimeRange":{"date":"2025-08-09"}}],"travelers":[{"id":"1","travelerType":"ADULT"}]} 
[2025-07-31 16:31:04] production.INFO: Scraping déjà existant pour ISG Sabiha Gökçen Airport Hotel, on ne lance pas le job.  
[2025-07-31 16:35:17] production.INFO: Creating offer {"type":"direct_single","user":8} 
[2025-07-31 16:35:18] production.INFO: dkhle ljob   
[2025-07-31 16:35:18] production.INFO: Traitement recherche ID: 216  
[2025-07-31 16:35:18] production.INFO: 📦 Appel Amadeus avec les paramètres suivants : {"currencyCode":"MAD","sources":["GDS"],"searchCriteria":{"flightFilters":{"maxConnections":0}},"originDestinations":[{"id":"1","originLocationCode":"CMN","destinationLocationCode":"ABJ","departureDateTimeRange":{"date":"2025-08-18"}},{"id":"2","originLocationCode":"ABJ","destinationLocationCode":"CMN","departureDateTimeRange":{"date":"2025-08-19"}}],"travelers":[{"id":"1","travelerType":"ADULT"}]} 
[2025-07-31 16:35:29] production.INFO: Scraping déjà existant pour ISG Sabiha Gökçen Airport Hotel, on ne lance pas le job.  
[2025-07-31 16:35:42] production.INFO: flight_type detected {"flight_type":"direct_single"} 
[2025-07-31 16:35:42] production.INFO: flightResultsHtml [{"type":"flight-offer","id":"9","source":"GDS","instantTicketingRequired":false,"nonHomogeneous":false,"oneWay":false,"isUpsellOffer":false,"lastTicketingDate":"2025-08-18","lastTicketingDateTime":"2025-08-18","numberOfBookableSeats":9,"itineraries":[{"duration":"PT4H25M","segments":[{"departure":{"iataCode":"CMN","terminal":"1","at":"2025-08-18T01:20:00"},"arrival":{"iataCode":"ABJ","at":"2025-08-18T04:45:00"},"carrierCode":"AT","number":"533","aircraft":{"code":"73H"},"operating":{"carrierCode":"AT"},"duration":"PT4H25M","id":"7","numberOfStops":0,"blacklistedInEU":false}]},{"duration":"PT4H20M","segments":[{"departure":{"iataCode":"ABJ","at":"2025-08-19T05:45:00"},"arrival":{"iataCode":"CMN","terminal":"2","at":"2025-08-19T11:05:00"},"carrierCode":"AT","number":"532","aircraft":{"code":"73H"},"operating":{"carrierCode":"AT"},"duration":"PT4H20M","id":"33","numberOfStops":0,"blacklistedInEU":false}]}],"price":{"currency":"MAD","total":"13403.00","base":"10120.00","fees":[{"amount":"0.00","type":"SUPPLIER"},{"amount":"0.00","type":"TICKETING"}],"grandTotal":"13403.00"},"pricingOptions":{"fareType":["PUBLISHED"],"includedCheckedBagsOnly":true},"validatingAirlineCodes":["AT"],"travelerPricings":[{"travelerId":"1","fareOption":"STANDARD","travelerType":"ADULT","price":{"currency":"MAD","total":"13403.00","base":"10120.00"},"fareDetailsBySegment":[{"segmentId":"7","cabin":"ECONOMY","fareBasis":"KH0RAC7A","brandedFare":"SERENITY","brandedFareLabel":"SERENITY","class":"K","includedCheckedBags":{"quantity":2},"includedCabinBags":{"quantity":1},"amenities":[{"description":"CHECKED BAG THIRD","isChargeable":true,"amenityType":"BAGGAGE","amenityProvider":{"name":"Over 9 levels deep, aborting normalization"}},{"description":"PRE RESERVATION SEAT ASSIGNMEN","isChargeable":false,"amenityType":"PRE_RESERVED_SEAT","amenityProvider":{"name":"Over 9 levels deep, aborting normalization"}},{"description":"MEAL BEVERAGE","isChargeable":false,"amenityType":"MEAL","amenityProvider":{"name":"Over 9 levels deep, aborting normalization"}},{"description":"CHANGE BEFORE DEPARTURE","isChargeable":false,"amenityType":"BRANDED_FARES","amenityProvider":{"name":"Over 9 levels deep, aborting normalization"}},{"description":"CHANGE AFTER DEPARTURE","isChargeable":false,"amenityType":"BRANDED_FARES","amenityProvider":{"name":"Over 9 levels deep, aborting normalization"}},{"description":"REFUND BEFORE DEPARTURE","isChargeable":false,"amenityType":"BRANDED_FARES","amenityProvider":{"name":"Over 9 levels deep, aborting normalization"}},{"description":"REFUND AFTER DEPARTURE","isChargeable":false,"amenityType":"BRANDED_FARES","amenityProvider":{"name":"Over 9 levels deep, aborting normalization"}}]},{"segmentId":"33","cabin":"ECONOMY","fareBasis":"KH0RAC7A","brandedFare":"SERENITY","brandedFareLabel":"SERENITY","class":"K","includedCheckedBags":{"quantity":2},"includedCabinBags":{"quantity":1},"amenities":[{"description":"CHECKED BAG THIRD","isChargeable":true,"amenityType":"BAGGAGE","amenityProvider":{"name":"Over 9 levels deep, aborting normalization"}},{"description":"PRE RESERVATION SEAT ASSIGNMEN","isChargeable":false,"amenityType":"PRE_RESERVED_SEAT","amenityProvider":{"name":"Over 9 levels deep, aborting normalization"}},{"description":"MEAL BEVERAGE","isChargeable":false,"amenityType":"MEAL","amenityProvider":{"name":"Over 9 levels deep, aborting normalization"}},{"description":"CHANGE BEFORE DEPARTURE","isChargeable":false,"amenityType":"BRANDED_FARES","amenityProvider":{"name":"Over 9 levels deep, aborting normalization"}},{"description":"CHANGE AFTER DEPARTURE","isChargeable":false,"amenityType":"BRANDED_FARES","amenityProvider":{"name":"Over 9 levels deep, aborting normalization"}},{"description":"REFUND BEFORE DEPARTURE","isChargeable":false,"amenityType":"BRANDED_FARES","amenityProvider":{"name":"Over 9 levels deep, aborting normalization"}},{"description":"REFUND AFTER DEPARTURE","isChargeable":false,"amenityType":"BRANDED_FARES","amenityProvider":{"name":"Over 9 levels deep, aborting normalization"}}]}]}]}] 
[2025-07-31 16:35:49] production.INFO: Starting search for tours {"start_date":"not provided","end_date":"not provided"} 
