[2025-08-22 16:35:30] production.ERROR: SQLSTATE[HY000] [2002] No connection could be made because the target machine actively refused it {"exception":"[object] (PDOException(code: 2002): SQLSTATE[HY000] [2002] No connection could be made because the target machine actively refused it at C:\\angular\\Vip_Travel_Project\\vendor\\laravel\\framework\\src\\Illuminate\\Database\\Connectors\\Connector.php:65)
[stacktrace]
#0 C:\\angular\\Vip_Travel_Project\\vendor\\laravel\\framework\\src\\Illuminate\\Database\\Connectors\\Connector.php(65): PDO->__construct('mysql:host=127....', 'imad', Object(SensitiveParameterValue), Array)
#1 C:\\angular\\Vip_Travel_Project\\vendor\\laravel\\framework\\src\\Illuminate\\Database\\Connectors\\Connector.php(83): Illuminate\\Database\\Connectors\\Connector->createPdoConnection('mysql:host=127....', 'imad', 'ThinkPadL480UE@', Array)
#2 C:\\angular\\Vip_Travel_Project\\vendor\\laravel\\framework\\src\\Illuminate\\Database\\Connectors\\Connector.php(48): Illuminate\\Database\\Connectors\\Connector->tryAgainIfCausedByLostConnection(Object(PDOException), 'mysql:host=127....', 'imad', 'ThinkPadL480UE@', Array)
#3 C:\\angular\\Vip_Travel_Project\\vendor\\laravel\\framework\\src\\Illuminate\\Database\\Connectors\\MySqlConnector.php(24): Illuminate\\Database\\Connectors\\Connector->createConnection('mysql:host=127....', Array, Array)
#4 C:\\angular\\Vip_Travel_Project\\vendor\\laravel\\framework\\src\\Illuminate\\Database\\Connectors\\ConnectionFactory.php(184): Illuminate\\Database\\Connectors\\MySqlConnector->connect(Array)
#5 [internal function]: Illuminate\\Database\\Connectors\\ConnectionFactory->Illuminate\\Database\\Connectors\\{closure}()
#6 C:\\angular\\Vip_Travel_Project\\vendor\\laravel\\framework\\src\\Illuminate\\Database\\Connection.php(1339): call_user_func(Object(Closure))
#7 C:\\angular\\Vip_Travel_Project\\vendor\\laravel\\framework\\src\\Illuminate\\Database\\Concerns\\ManagesTransactions.php(185): Illuminate\\Database\\Connection->getPdo()
#8 C:\\angular\\Vip_Travel_Project\\vendor\\laravel\\framework\\src\\Illuminate\\Database\\Concerns\\ManagesTransactions.php(151): Illuminate\\Database\\Connection->handleBeginTransactionException(Object(PDOException))
#9 C:\\angular\\Vip_Travel_Project\\vendor\\laravel\\framework\\src\\Illuminate\\Database\\Concerns\\ManagesTransactions.php(125): Illuminate\\Database\\Connection->createTransaction()
#10 C:\\angular\\Vip_Travel_Project\\vendor\\laravel\\framework\\src\\Illuminate\\Database\\Concerns\\ManagesTransactions.php(24): Illuminate\\Database\\Connection->beginTransaction()
#11 C:\\angular\\Vip_Travel_Project\\vendor\\laravel\\framework\\src\\Illuminate\\Queue\\DatabaseQueue.php(223): Illuminate\\Database\\Connection->transaction(Object(Closure))
#12 C:\\angular\\Vip_Travel_Project\\vendor\\laravel\\framework\\src\\Illuminate\\Queue\\Worker.php(349): Illuminate\\Queue\\DatabaseQueue->pop('default')
#13 C:\\angular\\Vip_Travel_Project\\vendor\\laravel\\framework\\src\\Illuminate\\Queue\\Worker.php(363): Illuminate\\Queue\\Worker->Illuminate\\Queue\\{closure}('default')
#14 C:\\angular\\Vip_Travel_Project\\vendor\\laravel\\framework\\src\\Illuminate\\Queue\\Worker.php(162): Illuminate\\Queue\\Worker->getNextJob(Object(Illuminate\\Queue\\DatabaseQueue), 'default')
#15 C:\\angular\\Vip_Travel_Project\\vendor\\laravel\\framework\\src\\Illuminate\\Queue\\Console\\WorkCommand.php(137): Illuminate\\Queue\\Worker->daemon('database', 'default', Object(Illuminate\\Queue\\WorkerOptions))
#16 C:\\angular\\Vip_Travel_Project\\vendor\\laravel\\framework\\src\\Illuminate\\Queue\\Console\\WorkCommand.php(120): Illuminate\\Queue\\Console\\WorkCommand->runWorker('database', 'default')
#17 C:\\angular\\Vip_Travel_Project\\vendor\\laravel\\framework\\src\\Illuminate\\Container\\BoundMethod.php(36): Illuminate\\Queue\\Console\\WorkCommand->handle()
#18 C:\\angular\\Vip_Travel_Project\\vendor\\laravel\\framework\\src\\Illuminate\\Container\\Util.php(41): Illuminate\\Container\\BoundMethod::Illuminate\\Container\\{closure}()
#19 C:\\angular\\Vip_Travel_Project\\vendor\\laravel\\framework\\src\\Illuminate\\Container\\BoundMethod.php(93): Illuminate\\Container\\Util::unwrapIfClosure(Object(Closure))
#20 C:\\angular\\Vip_Travel_Project\\vendor\\laravel\\framework\\src\\Illuminate\\Container\\BoundMethod.php(35): Illuminate\\Container\\BoundMethod::callBoundMethod(Object(Illuminate\\Foundation\\Application), Array, Object(Closure))
#21 C:\\angular\\Vip_Travel_Project\\vendor\\laravel\\framework\\src\\Illuminate\\Container\\Container.php(662): Illuminate\\Container\\BoundMethod::call(Object(Illuminate\\Foundation\\Application), Array, Array, NULL)
#22 C:\\angular\\Vip_Travel_Project\\vendor\\laravel\\framework\\src\\Illuminate\\Console\\Command.php(211): Illuminate\\Container\\Container->call(Array)
#23 C:\\angular\\Vip_Travel_Project\\vendor\\symfony\\console\\Command\\Command.php(326): Illuminate\\Console\\Command->execute(Object(Symfony\\Component\\Console\\Input\\ArgvInput), Object(Illuminate\\Console\\OutputStyle))
#24 C:\\angular\\Vip_Travel_Project\\vendor\\laravel\\framework\\src\\Illuminate\\Console\\Command.php(180): Symfony\\Component\\Console\\Command\\Command->run(Object(Symfony\\Component\\Console\\Input\\ArgvInput), Object(Illuminate\\Console\\OutputStyle))
#25 C:\\angular\\Vip_Travel_Project\\vendor\\symfony\\console\\Application.php(1096): Illuminate\\Console\\Command->run(Object(Symfony\\Component\\Console\\Input\\ArgvInput), Object(Symfony\\Component\\Console\\Output\\ConsoleOutput))
#26 C:\\angular\\Vip_Travel_Project\\vendor\\symfony\\console\\Application.php(324): Symfony\\Component\\Console\\Application->doRunCommand(Object(Illuminate\\Queue\\Console\\WorkCommand), Object(Symfony\\Component\\Console\\Input\\ArgvInput), Object(Symfony\\Component\\Console\\Output\\ConsoleOutput))
#27 C:\\angular\\Vip_Travel_Project\\vendor\\symfony\\console\\Application.php(175): Symfony\\Component\\Console\\Application->doRun(Object(Symfony\\Component\\Console\\Input\\ArgvInput), Object(Symfony\\Component\\Console\\Output\\ConsoleOutput))
#28 C:\\angular\\Vip_Travel_Project\\vendor\\laravel\\framework\\src\\Illuminate\\Foundation\\Console\\Kernel.php(201): Symfony\\Component\\Console\\Application->run(Object(Symfony\\Component\\Console\\Input\\ArgvInput), Object(Symfony\\Component\\Console\\Output\\ConsoleOutput))
#29 C:\\angular\\Vip_Travel_Project\\artisan(38): Illuminate\\Foundation\\Console\\Kernel->handle(Object(Symfony\\Component\\Console\\Input\\ArgvInput), Object(Symfony\\Component\\Console\\Output\\ConsoleOutput))
#30 {main}
"} 
