[2025-08-08 14:46:22] production.INFO: Creating offer {"type":"direct_single","user":8} 
[2025-08-08 14:46:25] production.INFO: dkhle ljob   
[2025-08-08 14:46:25] production.INFO: Traitement recherche ID: 324  
[2025-08-08 14:46:25] production.INFO: 📦 Appel Amadeus avec les paramètres suivants : {"currencyCode":"MAD","sources":["GDS"],"searchCriteria":{"flightFilters":{"maxConnections":0}},"originDestinations":[{"id":"1","originLocationCode":"CMN","destinationLocationCode":"CDG","departureDateTimeRange":{"date":"2025-09-18"}},{"id":"2","originLocationCode":"CDG","destinationLocationCode":"CMN","departureDateTimeRange":{"date":"2025-09-25"}}],"travelers":[{"id":"1","travelerType":"ADULT"}]} 
[2025-08-08 14:46:33] production.INFO: Scraping déjà existant pour Lord Morgan & Exclusive Design Cihangir, on ne lance pas le job.  
[2025-08-08 15:00:25] production.INFO: flight_type detected {"flight_type":"direct_single"} 
[2025-08-08 15:00:25] production.INFO: flightResultsHtml [{"type":"flight-offer","id":"36","source":"GDS","instantTicketingRequired":false,"nonHomogeneous":false,"oneWay":false,"isUpsellOffer":false,"lastTicketingDate":"2025-09-18","lastTicketingDateTime":"2025-09-18","numberOfBookableSeats":3,"itineraries":[{"duration":"PT3H","segments":[{"departure":{"iataCode":"CMN","terminal":"2","at":"2025-09-18T18:20:00"},"arrival":{"iataCode":"CDG","terminal":"2E","at":"2025-09-18T22:20:00"},"carrierCode":"AF","number":"1197","aircraft":{"code":"319"},"operating":{"carrierCode":"AF"},"duration":"PT3H","id":"2","numberOfStops":0,"blacklistedInEU":false}]},{"duration":"PT3H5M","segments":[{"departure":{"iataCode":"CDG","terminal":"2F","at":"2025-09-25T15:15:00"},"arrival":{"iataCode":"CMN","terminal":"2","at":"2025-09-25T17:20:00"},"carrierCode":"AF","number":"1196","aircraft":{"code":"319"},"operating":{"carrierCode":"AF"},"duration":"PT3H5M","id":"61","numberOfStops":0,"blacklistedInEU":false}]}],"price":{"currency":"MAD","total":"4082.00","base":"2505.00","fees":[{"amount":"0.00","type":"SUPPLIER"},{"amount":"0.00","type":"TICKETING"}],"grandTotal":"4082.00"},"pricingOptions":{"fareType":["PUBLISHED"],"includedCheckedBagsOnly":false},"validatingAirlineCodes":["AF"],"travelerPricings":[{"travelerId":"1","fareOption":"STANDARD","travelerType":"ADULT","price":{"currency":"MAD","total":"4082.00","base":"2505.00"},"fareDetailsBySegment":[{"segmentId":"2","cabin":"ECONOMY","fareBasis":"XYL02ALA","brandedFare":"LIGHT","brandedFareLabel":"ECONOMY LIGHT","class":"X","includedCheckedBags":{"quantity":0},"includedCabinBags":{"quantity":1},"amenities":[{"description":"CHECKED BAG 1PC OF 23KG 158CM","isChargeable":true,"amenityType":"BAGGAGE","amenityProvider":{"name":"Over 9 levels deep, aborting normalization"}},{"description":"SNACK","isChargeable":false,"amenityType":"MEAL","amenityProvider":{"name":"Over 9 levels deep, aborting normalization"}},{"description":"BEVERAGE","isChargeable":false,"amenityType":"MEAL","amenityProvider":{"name":"Over 9 levels deep, aborting normalization"}},{"description":"SEAT SELECTION","isChargeable":true,"amenityType":"BRANDED_FARES","amenityProvider":{"name":"Over 9 levels deep, aborting normalization"}},{"description":"MILEAGE ACCRUAL","isChargeable":false,"amenityType":"BRANDED_FARES","amenityProvider":{"name":"Over 9 levels deep, aborting normalization"}},{"description":"UPGRADE ELIGIBILITY","isChargeable":true,"amenityType":"BRANDED_FARES","amenityProvider":{"name":"Over 9 levels deep, aborting normalization"}}]},{"segmentId":"61","cabin":"ECONOMY","fareBasis":"TYL0AALA","brandedFare":"LIGHT","brandedFareLabel":"ECONOMY LIGHT","class":"T","includedCheckedBags":{"quantity":0},"includedCabinBags":{"quantity":1},"amenities":[{"description":"CHECKED BAG 1PC OF 23KG 158CM","isChargeable":true,"amenityType":"BAGGAGE","amenityProvider":{"name":"Over 9 levels deep, aborting normalization"}},{"description":"SNACK","isChargeable":false,"amenityType":"MEAL","amenityProvider":{"name":"Over 9 levels deep, aborting normalization"}},{"description":"BEVERAGE","isChargeable":false,"amenityType":"MEAL","amenityProvider":{"name":"Over 9 levels deep, aborting normalization"}},{"description":"SEAT SELECTION","isChargeable":true,"amenityType":"BRANDED_FARES","amenityProvider":{"name":"Over 9 levels deep, aborting normalization"}},{"description":"MILEAGE ACCRUAL","isChargeable":false,"amenityType":"BRANDED_FARES","amenityProvider":{"name":"Over 9 levels deep, aborting normalization"}},{"description":"UPGRADE ELIGIBILITY","isChargeable":true,"amenityType":"BRANDED_FARES","amenityProvider":{"name":"Over 9 levels deep, aborting normalization"}}]}]}]}] 
[2025-08-08 15:00:27] production.ERROR: Failed to authenticate on SMTP server with username "imadeddinebouchnef@gmail.com" using the following authenticators: "LOGIN", "PLAIN", "XOAUTH2". Authenticator "LOGIN" returned "Expected response code "235" but got code "535", with message "535-5.7.8 Username and Password not accepted. For more information, go to
535 5.7.8  https://support.google.com/mail/?p=BadCredentials ffacd0b85a97d-3b79c3c4d02sm29794686f8f.33 - gsmtp".". Authenticator "PLAIN" returned "Expected response code "235" but got code "535", with message "535-5.7.8 Username and Password not accepted. For more information, go to
535 5.7.8  https://support.google.com/mail/?p=BadCredentials ffacd0b85a97d-3b79c3c4d02sm29794686f8f.33 - gsmtp".". Authenticator "XOAUTH2" returned "Expected response code "235" but got code "334", with message "334 eyJzdGF0dXMiOiI0MDAiLCJzY2hlbWVzIjoiQmVhcmVyIiwic2NvcGUiOiJodHRwczovL21haWwuZ29vZ2xlLmNvbS8ifQ==".". {"userId":8,"exception":"[object] (Symfony\\Component\\Mailer\\Exception\\TransportException(code: 334): Failed to authenticate on SMTP server with username \"imadeddinebouchnef@gmail.com\" using the following authenticators: \"LOGIN\", \"PLAIN\", \"XOAUTH2\". Authenticator \"LOGIN\" returned \"Expected response code \"235\" but got code \"535\", with message \"535-5.7.8 Username and Password not accepted. For more information, go to

535 5.7.8  https://support.google.com/mail/?p=BadCredentials ffacd0b85a97d-3b79c3c4d02sm29794686f8f.33 - gsmtp\".\". Authenticator \"PLAIN\" returned \"Expected response code \"235\" but got code \"535\", with message \"535-5.7.8 Username and Password not accepted. For more information, go to

535 5.7.8  https://support.google.com/mail/?p=BadCredentials ffacd0b85a97d-3b79c3c4d02sm29794686f8f.33 - gsmtp\".\". Authenticator \"XOAUTH2\" returned \"Expected response code \"235\" but got code \"334\", with message \"334 eyJzdGF0dXMiOiI0MDAiLCJzY2hlbWVzIjoiQmVhcmVyIiwic2NvcGUiOiJodHRwczovL21haWwuZ29vZ2xlLmNvbS8ifQ==\".\". at C:\\angular\\Vip_Travel_Project\\vendor\\symfony\\mailer\\Transport\\Smtp\\EsmtpTransport.php:226)
[stacktrace]
#0 C:\\angular\\Vip_Travel_Project\\vendor\\symfony\\mailer\\Transport\\Smtp\\EsmtpTransport.php(161): Symfony\\Component\\Mailer\\Transport\\Smtp\\EsmtpTransport->handleAuth(Array)
#1 C:\\angular\\Vip_Travel_Project\\vendor\\symfony\\mailer\\Transport\\Smtp\\EsmtpTransport.php(118): Symfony\\Component\\Mailer\\Transport\\Smtp\\EsmtpTransport->doEhloCommand()
#2 C:\\angular\\Vip_Travel_Project\\vendor\\symfony\\mailer\\Transport\\Smtp\\SmtpTransport.php(254): Symfony\\Component\\Mailer\\Transport\\Smtp\\EsmtpTransport->executeCommand('HELO [127.0.0.1...', Array)
#3 C:\\angular\\Vip_Travel_Project\\vendor\\symfony\\mailer\\Transport\\Smtp\\SmtpTransport.php(277): Symfony\\Component\\Mailer\\Transport\\Smtp\\SmtpTransport->doHeloCommand()
#4 C:\\angular\\Vip_Travel_Project\\vendor\\symfony\\mailer\\Transport\\Smtp\\SmtpTransport.php(209): Symfony\\Component\\Mailer\\Transport\\Smtp\\SmtpTransport->start()
#5 C:\\angular\\Vip_Travel_Project\\vendor\\symfony\\mailer\\Transport\\AbstractTransport.php(69): Symfony\\Component\\Mailer\\Transport\\Smtp\\SmtpTransport->doSend(Object(Symfony\\Component\\Mailer\\SentMessage))
#6 C:\\angular\\Vip_Travel_Project\\vendor\\symfony\\mailer\\Transport\\Smtp\\SmtpTransport.php(137): Symfony\\Component\\Mailer\\Transport\\AbstractTransport->send(Object(Symfony\\Component\\Mime\\Email), Object(Symfony\\Component\\Mailer\\DelayedEnvelope))
#7 C:\\angular\\Vip_Travel_Project\\vendor\\laravel\\framework\\src\\Illuminate\\Mail\\Mailer.php(573): Symfony\\Component\\Mailer\\Transport\\Smtp\\SmtpTransport->send(Object(Symfony\\Component\\Mime\\Email), Object(Symfony\\Component\\Mailer\\DelayedEnvelope))
#8 C:\\angular\\Vip_Travel_Project\\vendor\\laravel\\framework\\src\\Illuminate\\Mail\\Mailer.php(335): Illuminate\\Mail\\Mailer->sendSymfonyMessage(Object(Symfony\\Component\\Mime\\Email))
#9 C:\\angular\\Vip_Travel_Project\\vendor\\laravel\\framework\\src\\Illuminate\\Notifications\\Channels\\MailChannel.php(66): Illuminate\\Mail\\Mailer->send(Object(Closure), Array, Object(Closure))
#10 C:\\angular\\Vip_Travel_Project\\vendor\\laravel\\framework\\src\\Illuminate\\Notifications\\NotificationSender.php(148): Illuminate\\Notifications\\Channels\\MailChannel->send(Object(App\\Models\\User), Object(App\\Notifications\\OfferConfirmedNotification))
#11 C:\\angular\\Vip_Travel_Project\\vendor\\laravel\\framework\\src\\Illuminate\\Notifications\\NotificationSender.php(106): Illuminate\\Notifications\\NotificationSender->sendToNotifiable(Object(App\\Models\\User), 'f9802719-952e-4...', Object(App\\Notifications\\OfferConfirmedNotification), 'mail')
#12 C:\\angular\\Vip_Travel_Project\\vendor\\laravel\\framework\\src\\Illuminate\\Support\\Traits\\Localizable.php(19): Illuminate\\Notifications\\NotificationSender->Illuminate\\Notifications\\{closure}()
#13 C:\\angular\\Vip_Travel_Project\\vendor\\laravel\\framework\\src\\Illuminate\\Notifications\\NotificationSender.php(101): Illuminate\\Notifications\\NotificationSender->withLocale(NULL, Object(Closure))
#14 C:\\angular\\Vip_Travel_Project\\vendor\\laravel\\framework\\src\\Illuminate\\Notifications\\NotificationSender.php(79): Illuminate\\Notifications\\NotificationSender->sendNow(Object(Illuminate\\Database\\Eloquent\\Collection), Object(App\\Notifications\\OfferConfirmedNotification))
#15 C:\\angular\\Vip_Travel_Project\\vendor\\laravel\\framework\\src\\Illuminate\\Notifications\\ChannelManager.php(39): Illuminate\\Notifications\\NotificationSender->send(Object(Illuminate\\Database\\Eloquent\\Collection), Object(App\\Notifications\\OfferConfirmedNotification))
#16 C:\\angular\\Vip_Travel_Project\\vendor\\laravel\\framework\\src\\Illuminate\\Support\\Facades\\Facade.php(355): Illuminate\\Notifications\\ChannelManager->send(Object(Illuminate\\Database\\Eloquent\\Collection), Object(App\\Notifications\\OfferConfirmedNotification))
#17 C:\\angular\\Vip_Travel_Project\\app\\Listeners\\SendOfferConfirmedNotification.php(16): Illuminate\\Support\\Facades\\Facade::__callStatic('send', Array)
#18 C:\\angular\\Vip_Travel_Project\\vendor\\laravel\\framework\\src\\Illuminate\\Events\\Dispatcher.php(478): App\\Listeners\\SendOfferConfirmedNotification->handle(Object(App\\Events\\OfferConfirmed))
#19 C:\\angular\\Vip_Travel_Project\\vendor\\laravel\\framework\\src\\Illuminate\\Events\\Dispatcher.php(286): Illuminate\\Events\\Dispatcher->Illuminate\\Events\\{closure}('App\\\\Events\\\\Offe...', Array)
#20 C:\\angular\\Vip_Travel_Project\\vendor\\laravel\\framework\\src\\Illuminate\\Events\\Dispatcher.php(266): Illuminate\\Events\\Dispatcher->invokeListeners('App\\\\Events\\\\Offe...', Array, false)
#21 C:\\angular\\Vip_Travel_Project\\vendor\\laravel\\framework\\src\\Illuminate\\Foundation\\helpers.php(433): Illuminate\\Events\\Dispatcher->dispatch('App\\\\Events\\\\Offe...')
#22 C:\\angular\\Vip_Travel_Project\\app\\Http\\Controllers\\HotelController.php(612): event(Object(App\\Events\\OfferConfirmed))
#23 C:\\angular\\Vip_Travel_Project\\vendor\\laravel\\framework\\src\\Illuminate\\Routing\\Controller.php(54): App\\Http\\Controllers\\HotelController->confirmStore(Object(Illuminate\\Http\\Request))
#24 C:\\angular\\Vip_Travel_Project\\vendor\\laravel\\framework\\src\\Illuminate\\Routing\\ControllerDispatcher.php(43): Illuminate\\Routing\\Controller->callAction('confirmStore', Array)
#25 C:\\angular\\Vip_Travel_Project\\vendor\\laravel\\framework\\src\\Illuminate\\Routing\\Route.php(259): Illuminate\\Routing\\ControllerDispatcher->dispatch(Object(Illuminate\\Routing\\Route), Object(App\\Http\\Controllers\\HotelController), 'confirmStore')
#26 C:\\angular\\Vip_Travel_Project\\vendor\\laravel\\framework\\src\\Illuminate\\Routing\\Route.php(205): Illuminate\\Routing\\Route->runController()
#27 C:\\angular\\Vip_Travel_Project\\vendor\\laravel\\framework\\src\\Illuminate\\Routing\\Router.php(806): Illuminate\\Routing\\Route->run()
#28 C:\\angular\\Vip_Travel_Project\\vendor\\laravel\\framework\\src\\Illuminate\\Pipeline\\Pipeline.php(144): Illuminate\\Routing\\Router->Illuminate\\Routing\\{closure}(Object(Illuminate\\Http\\Request))
#29 C:\\angular\\Vip_Travel_Project\\app\\Http\\Middleware\\RequireChangePassword.php(41): Illuminate\\Pipeline\\Pipeline->Illuminate\\Pipeline\\{closure}(Object(Illuminate\\Http\\Request))
#30 C:\\angular\\Vip_Travel_Project\\vendor\\laravel\\framework\\src\\Illuminate\\Pipeline\\Pipeline.php(183): App\\Http\\Middleware\\RequireChangePassword->handle(Object(Illuminate\\Http\\Request), Object(Closure))
#31 C:\\angular\\Vip_Travel_Project\\app\\Http\\Middleware\\SetLanguageForAdmin.php(37): Illuminate\\Pipeline\\Pipeline->Illuminate\\Pipeline\\{closure}(Object(Illuminate\\Http\\Request))
#32 C:\\angular\\Vip_Travel_Project\\vendor\\laravel\\framework\\src\\Illuminate\\Pipeline\\Pipeline.php(183): App\\Http\\Middleware\\SetLanguageForAdmin->handle(Object(Illuminate\\Http\\Request), Object(Closure))
#33 C:\\angular\\Vip_Travel_Project\\app\\Http\\Middleware\\SetCurrentCurrency.php(48): Illuminate\\Pipeline\\Pipeline->Illuminate\\Pipeline\\{closure}(Object(Illuminate\\Http\\Request))
#34 C:\\angular\\Vip_Travel_Project\\vendor\\laravel\\framework\\src\\Illuminate\\Pipeline\\Pipeline.php(183): App\\Http\\Middleware\\SetCurrentCurrency->handle(Object(Illuminate\\Http\\Request), Object(Closure))
#35 C:\\angular\\Vip_Travel_Project\\app\\Http\\Middleware\\HideDebugbar.php(32): Illuminate\\Pipeline\\Pipeline->Illuminate\\Pipeline\\{closure}(Object(Illuminate\\Http\\Request))
#36 C:\\angular\\Vip_Travel_Project\\vendor\\laravel\\framework\\src\\Illuminate\\Pipeline\\Pipeline.php(183): App\\Http\\Middleware\\HideDebugbar->handle(Object(Illuminate\\Http\\Request), Object(Closure))
#37 C:\\angular\\Vip_Travel_Project\\app\\Http\\Middleware\\RedirectForMultiLanguage.php(58): Illuminate\\Pipeline\\Pipeline->Illuminate\\Pipeline\\{closure}(Object(Illuminate\\Http\\Request))
#38 C:\\angular\\Vip_Travel_Project\\vendor\\laravel\\framework\\src\\Illuminate\\Pipeline\\Pipeline.php(183): App\\Http\\Middleware\\RedirectForMultiLanguage->handle(Object(Illuminate\\Http\\Request), Object(Closure))
#39 C:\\angular\\Vip_Travel_Project\\vendor\\laravel\\framework\\src\\Illuminate\\Routing\\Middleware\\SubstituteBindings.php(50): Illuminate\\Pipeline\\Pipeline->Illuminate\\Pipeline\\{closure}(Object(Illuminate\\Http\\Request))
#40 C:\\angular\\Vip_Travel_Project\\vendor\\laravel\\framework\\src\\Illuminate\\Pipeline\\Pipeline.php(183): Illuminate\\Routing\\Middleware\\SubstituteBindings->handle(Object(Illuminate\\Http\\Request), Object(Closure))
#41 C:\\angular\\Vip_Travel_Project\\app\\Http\\Middleware\\Authenticate.php(44): Illuminate\\Pipeline\\Pipeline->Illuminate\\Pipeline\\{closure}(Object(Illuminate\\Http\\Request))
#42 C:\\angular\\Vip_Travel_Project\\vendor\\laravel\\framework\\src\\Illuminate\\Pipeline\\Pipeline.php(183): App\\Http\\Middleware\\Authenticate->handle(Object(Illuminate\\Http\\Request), Object(Closure))
#43 C:\\angular\\Vip_Travel_Project\\vendor\\laravel\\framework\\src\\Illuminate\\Foundation\\Http\\Middleware\\VerifyCsrfToken.php(78): Illuminate\\Pipeline\\Pipeline->Illuminate\\Pipeline\\{closure}(Object(Illuminate\\Http\\Request))
#44 C:\\angular\\Vip_Travel_Project\\vendor\\laravel\\framework\\src\\Illuminate\\Pipeline\\Pipeline.php(183): Illuminate\\Foundation\\Http\\Middleware\\VerifyCsrfToken->handle(Object(Illuminate\\Http\\Request), Object(Closure))
#45 C:\\angular\\Vip_Travel_Project\\vendor\\laravel\\framework\\src\\Illuminate\\View\\Middleware\\ShareErrorsFromSession.php(49): Illuminate\\Pipeline\\Pipeline->Illuminate\\Pipeline\\{closure}(Object(Illuminate\\Http\\Request))
#46 C:\\angular\\Vip_Travel_Project\\vendor\\laravel\\framework\\src\\Illuminate\\Pipeline\\Pipeline.php(183): Illuminate\\View\\Middleware\\ShareErrorsFromSession->handle(Object(Illuminate\\Http\\Request), Object(Closure))
#47 C:\\angular\\Vip_Travel_Project\\vendor\\laravel\\framework\\src\\Illuminate\\Session\\Middleware\\StartSession.php(121): Illuminate\\Pipeline\\Pipeline->Illuminate\\Pipeline\\{closure}(Object(Illuminate\\Http\\Request))
#48 C:\\angular\\Vip_Travel_Project\\vendor\\laravel\\framework\\src\\Illuminate\\Session\\Middleware\\StartSession.php(64): Illuminate\\Session\\Middleware\\StartSession->handleStatefulRequest(Object(Illuminate\\Http\\Request), Object(Illuminate\\Session\\Store), Object(Closure))
#49 C:\\angular\\Vip_Travel_Project\\vendor\\laravel\\framework\\src\\Illuminate\\Pipeline\\Pipeline.php(183): Illuminate\\Session\\Middleware\\StartSession->handle(Object(Illuminate\\Http\\Request), Object(Closure))
#50 C:\\angular\\Vip_Travel_Project\\vendor\\laravel\\framework\\src\\Illuminate\\Cookie\\Middleware\\AddQueuedCookiesToResponse.php(37): Illuminate\\Pipeline\\Pipeline->Illuminate\\Pipeline\\{closure}(Object(Illuminate\\Http\\Request))
#51 C:\\angular\\Vip_Travel_Project\\vendor\\laravel\\framework\\src\\Illuminate\\Pipeline\\Pipeline.php(183): Illuminate\\Cookie\\Middleware\\AddQueuedCookiesToResponse->handle(Object(Illuminate\\Http\\Request), Object(Closure))
#52 C:\\angular\\Vip_Travel_Project\\vendor\\laravel\\framework\\src\\Illuminate\\Cookie\\Middleware\\EncryptCookies.php(67): Illuminate\\Pipeline\\Pipeline->Illuminate\\Pipeline\\{closure}(Object(Illuminate\\Http\\Request))
#53 C:\\angular\\Vip_Travel_Project\\vendor\\laravel\\framework\\src\\Illuminate\\Pipeline\\Pipeline.php(183): Illuminate\\Cookie\\Middleware\\EncryptCookies->handle(Object(Illuminate\\Http\\Request), Object(Closure))
#54 C:\\angular\\Vip_Travel_Project\\vendor\\laravel\\framework\\src\\Illuminate\\Pipeline\\Pipeline.php(119): Illuminate\\Pipeline\\Pipeline->Illuminate\\Pipeline\\{closure}(Object(Illuminate\\Http\\Request))
#55 C:\\angular\\Vip_Travel_Project\\vendor\\laravel\\framework\\src\\Illuminate\\Routing\\Router.php(805): Illuminate\\Pipeline\\Pipeline->then(Object(Closure))
#56 C:\\angular\\Vip_Travel_Project\\vendor\\laravel\\framework\\src\\Illuminate\\Routing\\Router.php(784): Illuminate\\Routing\\Router->runRouteWithinStack(Object(Illuminate\\Routing\\Route), Object(Illuminate\\Http\\Request))
#57 C:\\angular\\Vip_Travel_Project\\vendor\\laravel\\framework\\src\\Illuminate\\Routing\\Router.php(748): Illuminate\\Routing\\Router->runRoute(Object(Illuminate\\Http\\Request), Object(Illuminate\\Routing\\Route))
#58 C:\\angular\\Vip_Travel_Project\\vendor\\laravel\\framework\\src\\Illuminate\\Routing\\Router.php(737): Illuminate\\Routing\\Router->dispatchToRoute(Object(Illuminate\\Http\\Request))
#59 C:\\angular\\Vip_Travel_Project\\vendor\\laravel\\framework\\src\\Illuminate\\Foundation\\Http\\Kernel.php(200): Illuminate\\Routing\\Router->dispatch(Object(Illuminate\\Http\\Request))
#60 C:\\angular\\Vip_Travel_Project\\vendor\\laravel\\framework\\src\\Illuminate\\Pipeline\\Pipeline.php(144): Illuminate\\Foundation\\Http\\Kernel->Illuminate\\Foundation\\Http\\{closure}(Object(Illuminate\\Http\\Request))
#61 C:\\angular\\Vip_Travel_Project\\themes\\Base\\Core\\Middleware\\RunUpdater.php(73): Illuminate\\Pipeline\\Pipeline->Illuminate\\Pipeline\\{closure}(Object(Illuminate\\Http\\Request))
#62 C:\\angular\\Vip_Travel_Project\\vendor\\laravel\\framework\\src\\Illuminate\\Pipeline\\Pipeline.php(183): Themes\\Base\\Core\\Middleware\\RunUpdater->handle(Object(Illuminate\\Http\\Request), Object(Closure))
#63 C:\\angular\\Vip_Travel_Project\\vendor\\barryvdh\\laravel-debugbar\\src\\Middleware\\InjectDebugbar.php(59): Illuminate\\Pipeline\\Pipeline->Illuminate\\Pipeline\\{closure}(Object(Illuminate\\Http\\Request))
#64 C:\\angular\\Vip_Travel_Project\\vendor\\laravel\\framework\\src\\Illuminate\\Pipeline\\Pipeline.php(183): Barryvdh\\Debugbar\\Middleware\\InjectDebugbar->handle(Object(Illuminate\\Http\\Request), Object(Closure))
#65 C:\\angular\\Vip_Travel_Project\\vendor\\laravel\\framework\\src\\Illuminate\\Foundation\\Http\\Middleware\\TransformsRequest.php(21): Illuminate\\Pipeline\\Pipeline->Illuminate\\Pipeline\\{closure}(Object(Illuminate\\Http\\Request))
#66 C:\\angular\\Vip_Travel_Project\\vendor\\laravel\\framework\\src\\Illuminate\\Foundation\\Http\\Middleware\\ConvertEmptyStringsToNull.php(31): Illuminate\\Foundation\\Http\\Middleware\\TransformsRequest->handle(Object(Illuminate\\Http\\Request), Object(Closure))
#67 C:\\angular\\Vip_Travel_Project\\vendor\\laravel\\framework\\src\\Illuminate\\Pipeline\\Pipeline.php(183): Illuminate\\Foundation\\Http\\Middleware\\ConvertEmptyStringsToNull->handle(Object(Illuminate\\Http\\Request), Object(Closure))
#68 C:\\angular\\Vip_Travel_Project\\vendor\\laravel\\framework\\src\\Illuminate\\Foundation\\Http\\Middleware\\TransformsRequest.php(21): Illuminate\\Pipeline\\Pipeline->Illuminate\\Pipeline\\{closure}(Object(Illuminate\\Http\\Request))
#69 C:\\angular\\Vip_Travel_Project\\vendor\\laravel\\framework\\src\\Illuminate\\Foundation\\Http\\Middleware\\TrimStrings.php(40): Illuminate\\Foundation\\Http\\Middleware\\TransformsRequest->handle(Object(Illuminate\\Http\\Request), Object(Closure))
#70 C:\\angular\\Vip_Travel_Project\\vendor\\laravel\\framework\\src\\Illuminate\\Pipeline\\Pipeline.php(183): Illuminate\\Foundation\\Http\\Middleware\\TrimStrings->handle(Object(Illuminate\\Http\\Request), Object(Closure))
#71 C:\\angular\\Vip_Travel_Project\\vendor\\laravel\\framework\\src\\Illuminate\\Foundation\\Http\\Middleware\\ValidatePostSize.php(27): Illuminate\\Pipeline\\Pipeline->Illuminate\\Pipeline\\{closure}(Object(Illuminate\\Http\\Request))
#72 C:\\angular\\Vip_Travel_Project\\vendor\\laravel\\framework\\src\\Illuminate\\Pipeline\\Pipeline.php(183): Illuminate\\Foundation\\Http\\Middleware\\ValidatePostSize->handle(Object(Illuminate\\Http\\Request), Object(Closure))
#73 C:\\angular\\Vip_Travel_Project\\vendor\\laravel\\framework\\src\\Illuminate\\Foundation\\Http\\Middleware\\PreventRequestsDuringMaintenance.php(99): Illuminate\\Pipeline\\Pipeline->Illuminate\\Pipeline\\{closure}(Object(Illuminate\\Http\\Request))
#74 C:\\angular\\Vip_Travel_Project\\vendor\\laravel\\framework\\src\\Illuminate\\Pipeline\\Pipeline.php(183): Illuminate\\Foundation\\Http\\Middleware\\PreventRequestsDuringMaintenance->handle(Object(Illuminate\\Http\\Request), Object(Closure))
#75 C:\\angular\\Vip_Travel_Project\\vendor\\laravel\\framework\\src\\Illuminate\\Http\\Middleware\\HandleCors.php(49): Illuminate\\Pipeline\\Pipeline->Illuminate\\Pipeline\\{closure}(Object(Illuminate\\Http\\Request))
#76 C:\\angular\\Vip_Travel_Project\\vendor\\laravel\\framework\\src\\Illuminate\\Pipeline\\Pipeline.php(183): Illuminate\\Http\\Middleware\\HandleCors->handle(Object(Illuminate\\Http\\Request), Object(Closure))
#77 C:\\angular\\Vip_Travel_Project\\app\\Http\\Middleware\\RedirectToInstaller.php(40): Illuminate\\Pipeline\\Pipeline->Illuminate\\Pipeline\\{closure}(Object(Illuminate\\Http\\Request))
#78 C:\\angular\\Vip_Travel_Project\\vendor\\laravel\\framework\\src\\Illuminate\\Pipeline\\Pipeline.php(183): App\\Http\\Middleware\\RedirectToInstaller->handle(Object(Illuminate\\Http\\Request), Object(Closure))
#79 C:\\angular\\Vip_Travel_Project\\vendor\\laravel\\framework\\src\\Illuminate\\Http\\Middleware\\TrustProxies.php(39): Illuminate\\Pipeline\\Pipeline->Illuminate\\Pipeline\\{closure}(Object(Illuminate\\Http\\Request))
#80 C:\\angular\\Vip_Travel_Project\\vendor\\laravel\\framework\\src\\Illuminate\\Pipeline\\Pipeline.php(183): Illuminate\\Http\\Middleware\\TrustProxies->handle(Object(Illuminate\\Http\\Request), Object(Closure))
#81 C:\\angular\\Vip_Travel_Project\\vendor\\laravel\\framework\\src\\Illuminate\\Pipeline\\Pipeline.php(119): Illuminate\\Pipeline\\Pipeline->Illuminate\\Pipeline\\{closure}(Object(Illuminate\\Http\\Request))
#82 C:\\angular\\Vip_Travel_Project\\vendor\\laravel\\framework\\src\\Illuminate\\Foundation\\Http\\Kernel.php(175): Illuminate\\Pipeline\\Pipeline->then(Object(Closure))
#83 C:\\angular\\Vip_Travel_Project\\vendor\\laravel\\framework\\src\\Illuminate\\Foundation\\Http\\Kernel.php(144): Illuminate\\Foundation\\Http\\Kernel->sendRequestThroughRouter(Object(Illuminate\\Http\\Request))
#84 C:\\angular\\Vip_Travel_Project\\public\\index.php(77): Illuminate\\Foundation\\Http\\Kernel->handle(Object(Illuminate\\Http\\Request))
#85 C:\\angular\\Vip_Travel_Project\\server.php(21): require_once('C:\\\\angular\\\\Vip_...')
#86 {main}
"} 
